2014-10-31 10:57:58.897 DJ-Jazzy-Jeff[12713:3820554] DiskCookieStorage changing policy from 2 to 0, cookie file: file:///Users/jlongstr/Library/Developer/CoreSimulator/Devices/5BAE2F93-1C00-4BD6-A7A1-628CCC0C9369/data/Containers/Data/Application/0A19FAE4-22CC-4885-9D94-0C38BB845598/Library/Cookies/Cookies.binarycookies
2014-10-31 10:57:59.030 DJ-Jazzy-Jeff[12713:3820554] Apache Cordova native platform version 3.6.3 is starting.
2014-10-31 10:57:59.030 DJ-Jazzy-Jeff[12713:3820554] Multi-tasking -> Device: YES, App: YES
2014-10-31 10:57:59.035 DJ-Jazzy-Jeff[12713:3820554] Unlimited access to network resources
2014-10-31 10:57:59.038 DJ-Jazzy-Jeff[12713:3820554] 

Started backup to iCloud! Please be careful.
Your application might be rejected by Apple if you store too much data.
For more information please read "iOS Data Storage Guidelines" at:
https://developer.apple.com/icloud/documentation/data-storage/

2014-10-31 10:58:00.006 DJ-Jazzy-Jeff[12713:3820554] Resetting plugins due to page load.
2014-10-31 10:58:00.049 DJ-Jazzy-Jeff[12713:3820554] Finished load of: file:///Users/jlongstr/Library/Developer/CoreSimulator/Devices/5BAE2F93-1C00-4BD6-A7A1-628CCC0C9369/data/Containers/Bundle/Application/8FE0A1CD-2BBD-47E6-A7FA-065C73721F8A/DJ-Jazzy-Jeff.app/www/index.html
2014-10-31 10:58:44.169 DJ-Jazzy-Jeff[12818:3821857] DiskCookieStorage changing policy from 2 to 0, cookie file: file:///Users/jlongstr/Library/Developer/CoreSimulator/Devices/5BAE2F93-1C00-4BD6-A7A1-628CCC0C9369/data/Containers/Data/Application/C73F5D2C-1F4E-412D-B982-B3D76194A835/Library/Cookies/Cookies.binarycookies
2014-10-31 10:58:44.242 DJ-Jazzy-Jeff[12818:3821857] Apache Cordova native platform version 3.6.3 is starting.
2014-10-31 10:58:44.242 DJ-Jazzy-Jeff[12818:3821857] Multi-tasking -> Device: YES, App: YES
2014-10-31 10:58:44.246 DJ-Jazzy-Jeff[12818:3821857] Unlimited access to network resources
2014-10-31 10:58:44.248 DJ-Jazzy-Jeff[12818:3821857] 

Started backup to iCloud! Please be careful.
Your application might be rejected by Apple if you store too much data.
For more information please read "iOS Data Storage Guidelines" at:
https://developer.apple.com/icloud/documentation/data-storage/

2014-10-31 10:58:44.511 DJ-Jazzy-Jeff[12818:3821857] Resetting plugins due to page load.
2014-10-31 10:58:44.551 DJ-Jazzy-Jeff[12818:3821857] Finished load of: file:///Users/jlongstr/Library/Developer/CoreSimulator/Devices/5BAE2F93-1C00-4BD6-A7A1-628CCC0C9369/data/Containers/Bundle/Application/899B789E-1FA8-4551-B1AF-C075CD7D1ED6/DJ-Jazzy-Jeff.app/www/index.html
2014-10-31 10:59:15.212 DJ-Jazzy-Jeff[12906:3822683] DiskCookieStorage changing policy from 2 to 0, cookie file: file:///Users/jlongstr/Library/Developer/CoreSimulator/Devices/5BAE2F93-1C00-4BD6-A7A1-628CCC0C9369/data/Containers/Data/Application/9CE4E6DB-6C5B-4581-82D7-D55B173F5FBD/Library/Cookies/Cookies.binarycookies
2014-10-31 10:59:15.284 DJ-Jazzy-Jeff[12906:3822683] Apache Cordova native platform version 3.6.3 is starting.
2014-10-31 10:59:15.285 DJ-Jazzy-Jeff[12906:3822683] Multi-tasking -> Device: YES, App: YES
2014-10-31 10:59:15.289 DJ-Jazzy-Jeff[12906:3822683] Unlimited access to network resources
2014-10-31 10:59:15.291 DJ-Jazzy-Jeff[12906:3822683] 

Started backup to iCloud! Please be careful.
Your application might be rejected by Apple if you store too much data.
For more information please read "iOS Data Storage Guidelines" at:
https://developer.apple.com/icloud/documentation/data-storage/

2014-10-31 10:59:15.547 DJ-Jazzy-Jeff[12906:3822683] Resetting plugins due to page load.
2014-10-31 10:59:15.586 DJ-Jazzy-Jeff[12906:3822683] Finished load of: file:///Users/jlongstr/Library/Developer/CoreSimulator/Devices/5BAE2F93-1C00-4BD6-A7A1-628CCC0C9369/data/Containers/Bundle/Application/C7FD862F-4AE0-4C96-9F1E-522719EEA98D/DJ-Jazzy-Jeff.app/www/index.html
2014-10-31 11:00:29.428 DJ-Jazzy-Jeff[13011:3824589] DiskCookieStorage changing policy from 2 to 0, cookie file: file:///Users/jlongstr/Library/Developer/CoreSimulator/Devices/5BAE2F93-1C00-4BD6-A7A1-628CCC0C9369/data/Containers/Data/Application/C7C31F0A-5AD2-4300-91DE-4A30CDED5E3E/Library/Cookies/Cookies.binarycookies
2014-10-31 11:00:29.500 DJ-Jazzy-Jeff[13011:3824589] Apache Cordova native platform version 3.6.3 is starting.
2014-10-31 11:00:29.501 DJ-Jazzy-Jeff[13011:3824589] Multi-tasking -> Device: YES, App: YES
2014-10-31 11:00:29.505 DJ-Jazzy-Jeff[13011:3824589] Unlimited access to network resources
2014-10-31 11:00:29.507 DJ-Jazzy-Jeff[13011:3824589] 

Started backup to iCloud! Please be careful.
Your application might be rejected by Apple if you store too much data.
For more information please read "iOS Data Storage Guidelines" at:
https://developer.apple.com/icloud/documentation/data-storage/

2014-10-31 11:00:29.772 DJ-Jazzy-Jeff[13011:3824589] Resetting plugins due to page load.
2014-10-31 11:00:29.811 DJ-Jazzy-Jeff[13011:3824589] Finished load of: file:///Users/jlongstr/Library/Developer/CoreSimulator/Devices/5BAE2F93-1C00-4BD6-A7A1-628CCC0C9369/data/Containers/Bundle/Application/DE46F996-1FD2-4637-BFD3-69A1646C1717/DJ-Jazzy-Jeff.app/www/index.html
2014-10-31 11:07:57.363 DJ-Jazzy-Jeff[13282:3832823] DiskCookieStorage changing policy from 2 to 0, cookie file: file:///Users/jlongstr/Library/Developer/CoreSimulator/Devices/5BAE2F93-1C00-4BD6-A7A1-628CCC0C9369/data/Containers/Data/Application/B368031D-F138-468D-8BB3-0155C3175507/Library/Cookies/Cookies.binarycookies
2014-10-31 11:07:57.435 DJ-Jazzy-Jeff[13282:3832823] Apache Cordova native platform version 3.6.3 is starting.
2014-10-31 11:07:57.436 DJ-Jazzy-Jeff[13282:3832823] Multi-tasking -> Device: YES, App: YES
2014-10-31 11:07:57.440 DJ-Jazzy-Jeff[13282:3832823] Unlimited access to network resources
2014-10-31 11:07:57.442 DJ-Jazzy-Jeff[13282:3832823] 

Started backup to iCloud! Please be careful.
Your application might be rejected by Apple if you store too much data.
For more information please read "iOS Data Storage Guidelines" at:
https://developer.apple.com/icloud/documentation/data-storage/

2014-10-31 11:07:57.715 DJ-Jazzy-Jeff[13282:3832823] Resetting plugins due to page load.
2014-10-31 11:07:57.756 DJ-Jazzy-Jeff[13282:3832823] Finished load of: file:///Users/jlongstr/Library/Developer/CoreSimulator/Devices/5BAE2F93-1C00-4BD6-A7A1-628CCC0C9369/data/Containers/Bundle/Application/0DB95116-976D-46CC-9813-7F673A1295F0/DJ-Jazzy-Jeff.app/www/index.html
2014-10-31 11:08:28.113 DJ-Jazzy-Jeff[13372:3833727] DiskCookieStorage changing policy from 2 to 0, cookie file: file:///Users/jlongstr/Library/Developer/CoreSimulator/Devices/5BAE2F93-1C00-4BD6-A7A1-628CCC0C9369/data/Containers/Data/Application/A14FABF5-7190-4078-AC89-991CEDBC601E/Library/Cookies/Cookies.binarycookies
2014-10-31 11:08:28.186 DJ-Jazzy-Jeff[13372:3833727] Apache Cordova native platform version 3.6.3 is starting.
2014-10-31 11:08:28.186 DJ-Jazzy-Jeff[13372:3833727] Multi-tasking -> Device: YES, App: YES
2014-10-31 11:08:28.191 DJ-Jazzy-Jeff[13372:3833727] Unlimited access to network resources
2014-10-31 11:08:28.193 DJ-Jazzy-Jeff[13372:3833727] 

Started backup to iCloud! Please be careful.
Your application might be rejected by Apple if you store too much data.
For more information please read "iOS Data Storage Guidelines" at:
https://developer.apple.com/icloud/documentation/data-storage/

2014-10-31 11:08:28.459 DJ-Jazzy-Jeff[13372:3833727] Resetting plugins due to page load.
2014-10-31 11:08:28.501 DJ-Jazzy-Jeff[13372:3833727] Finished load of: file:///Users/jlongstr/Library/Developer/CoreSimulator/Devices/5BAE2F93-1C00-4BD6-A7A1-628CCC0C9369/data/Containers/Bundle/Application/5255FF50-3559-44BB-A4F6-106A11B66557/DJ-Jazzy-Jeff.app/www/index.html
2014-10-31 11:09:03.592 DJ-Jazzy-Jeff[13460:3834593] DiskCookieStorage changing policy from 2 to 0, cookie file: file:///Users/jlongstr/Library/Developer/CoreSimulator/Devices/5BAE2F93-1C00-4BD6-A7A1-628CCC0C9369/data/Containers/Data/Application/7C055BE9-87AA-49CC-9E4D-E48C5C80BEB3/Library/Cookies/Cookies.binarycookies
2014-10-31 11:09:03.664 DJ-Jazzy-Jeff[13460:3834593] Apache Cordova native platform version 3.6.3 is starting.
2014-10-31 11:09:03.664 DJ-Jazzy-Jeff[13460:3834593] Multi-tasking -> Device: YES, App: YES
2014-10-31 11:09:03.668 DJ-Jazzy-Jeff[13460:3834593] Unlimited access to network resources
2014-10-31 11:09:03.670 DJ-Jazzy-Jeff[13460:3834593] 

Started backup to iCloud! Please be careful.
Your application might be rejected by Apple if you store too much data.
For more information please read "iOS Data Storage Guidelines" at:
https://developer.apple.com/icloud/documentation/data-storage/

2014-10-31 11:09:03.932 DJ-Jazzy-Jeff[13460:3834593] Resetting plugins due to page load.
2014-10-31 11:09:03.972 DJ-Jazzy-Jeff[13460:3834593] Finished load of: file:///Users/jlongstr/Library/Developer/CoreSimulator/Devices/5BAE2F93-1C00-4BD6-A7A1-628CCC0C9369/data/Containers/Bundle/Application/24AF4AE5-1D5B-4864-8CA0-4BD4A4C481EB/DJ-Jazzy-Jeff.app/www/index.html
